<?xml version="1.0" encoding="UTF-8"?>
<!-- Generated by org.testng.reporters.JUnitXMLReporter -->
<testsuite ignored="0" hostname="DESKTOP-B85L28E" failures="0" tests="4" name="car loan" time="0.033" errors="0" timestamp="2023-11-07T12:02:26 IST">
  <testcase classname="automation.testNG.day2" name="fourthTest" time="0.002"/>
  <testcase classname="automation.testNG.day2" name="thirdTest" time="0.003"/>
  <testcase classname="automation.testNG.testNGDemo" name="firstTest" time="0.005"/>
  <testcase classname="automation.testNG.testNGDemo" name="secondTest" time="0.005"/>
</testsuite> <!-- car loan -->
