<?xml version="1.0" encoding="UTF-8"?>
<!-- Generated by org.testng.reporters.JUnitXMLReporter -->
<testsuite ignored="1" hostname="DESKTOP-B85L28E" failures="0" tests="1" name="Default test" time="0.084" errors="0" timestamp="2023-11-07T11:52:15 IST">
  <testcase classname="automation.testNG.testNGDemo" name="secondTest" time="0.016"/>
  <testcase classname="automation.testNG.testNGDemo" name="firstTest" time="0.0">
    <ignored/>
  </testcase> <!-- firstTest -->
</testsuite> <!-- Default test -->
